Using pre-set license
Built from '2020.2/staging' branch; Version is '2020.2.6f1 (8a2143876886) revision 9052483'; Using compiler version '192528614'; Build Type 'Release'
OS: 'Windows 10 Pro; OS build 18363.1256; Version 1909; 64bit' Language: 'en' Physical Memory: 16332 MB
BatchMode: 1, IsHumanControllingUs: 0, StartBugReporterOnCrash: 0, Is64bit: 1, IsPro: 0

 COMMAND LINE ARGUMENTS:
E:\Unity Projects\2020.2.6f1\Editor\Unity.exe
-adb2
-batchMode
-noUpm
-name
AssetImportWorker0
-projectPath
E:/Git/TCG/TCG/TCG
-logFile
Logs/AssetImportWorker0.log
-srvPort
53174
Successfully changed project path to: E:/Git/TCG/TCG/TCG
E:/Git/TCG/TCG/TCG
Using Asset Import Pipeline V2.
Refreshing native plugins compatible for Editor in 40.86 ms, found 0 plugins.
Preloading 0 native plugins for Editor in 0.00 ms.
Initialize engine version: 2020.2.6f1 (8a2143876886)
[Subsystems] Discovering subsystems at path E:/Unity Projects/2020.2.6f1/Editor/Data/Resources/UnitySubsystems
[Subsystems] Discovering subsystems at path E:/Git/TCG/TCG/TCG/Assets
GfxDevice: creating device client; threaded=0
Direct3D:
    Version:  Direct3D 11.0 [level 11.1]
    Renderer: NVIDIA GeForce GTX 1660 SUPER (ID=0x21c4)
    Vendor:   
    VRAM:     5991 MB
    Driver:   27.21.14.5751
Shader 'Universal Render Pipeline/Particles/Lit': fallback shader 'Universal Render Pipeline/Particles/SimpleLit' not found
Initialize mono
Mono path[0] = 'E:/Unity Projects/2020.2.6f1/Editor/Data/Managed'
Mono path[1] = 'E:/Unity Projects/2020.2.6f1/Editor/Data/MonoBleedingEdge/lib/mono/unityjit'
Mono config path = 'E:/Unity Projects/2020.2.6f1/Editor/Data/MonoBleedingEdge/etc'
Using monoOptions --debugger-agent=transport=dt_socket,embedding=1,server=y,suspend=n,address=127.0.0.1:56520
Begin MonoManager ReloadAssembly
Registering precompiled unity dll's ...
Register platform support module: E:/Unity Projects/2020.2.6f1/Editor/Data/PlaybackEngines/WindowsStandaloneSupport/UnityEditor.WindowsStandalone.Extensions.dll
Registered in 0.000775 seconds.
Native extension for WindowsStandalone target not found
Refreshing native plugins compatible for Editor in 46.81 ms, found 0 plugins.
Preloading 0 native plugins for Editor in 0.00 ms.
Invoked RoslynAnalysisRunner static constructor.
RoslynAnalysisRunner will not be running.
RoslynAnalysisRunner has terminated.
Mono: successfully reloaded assembly
- Completed reload, in  0.725 seconds
Platform modules already initialized, skipping
Registering precompiled user dll's ...
Registered in 0.001759 seconds.
Begin MonoManager ReloadAssembly
Native extension for WindowsStandalone target not found
Refreshing native plugins compatible for Editor in 44.46 ms, found 0 plugins.
Preloading 0 native plugins for Editor in 0.00 ms.
Invoked RoslynAnalysisRunner static constructor.
RoslynAnalysisRunner will not be running.
RoslynAnalysisRunner has terminated.
Mono: successfully reloaded assembly
- Completed reload, in  0.866 seconds
Platform modules already initialized, skipping
========================================================================
Worker process is ready to serve import requests
Shader 'Universal Render Pipeline/Particles/Lit': fallback shader 'Universal Render Pipeline/Particles/SimpleLit' not found
Launched and connected shader compiler UnityShaderCompiler.exe after 0.12 seconds
Refreshing native plugins compatible for Editor in 0.49 ms, found 0 plugins.
Preloading 0 native plugins for Editor in 0.00 ms.
Unloading 2563 Unused Serialized files (Serialized files now loaded: 0)
System memory in use before: 119.6 MB.
System memory in use after: 119.8 MB.

Unloading 14 unused Assets to reduce memory usage. Loaded Objects now: 3003.
Total: 2.077400 ms (FindLiveObjects: 0.301100 ms CreateObjectMapping: 0.066200 ms MarkObjects: 1.633300 ms  DeleteObjects: 0.075500 ms)

========================================================================
Received Import Request.
  path: Assets/_Scripts/Gameplay/Damage/Damage.cs
  artifactKey: Guid(fa9ed981f024b8a4db2624df1e0cae45) Importer(815301076,1909f56bfc062723c751e8b465ee728b)
Start importing Assets/_Scripts/Gameplay/Damage/Damage.cs using Guid(fa9ed981f024b8a4db2624df1e0cae45) Importer(815301076,1909f56bfc062723c751e8b465ee728b)  -> (artifact id: '68083ea43651e4689eb18b88434a0f92') in 0.506444 seconds
  Import took 0.510567 seconds .

========================================================================
Received Prepare
Registering precompiled user dll's ...
Registered in 0.002027 seconds.
Begin MonoManager ReloadAssembly
Native extension for WindowsStandalone target not found
Refreshing native plugins compatible for Editor in 0.51 ms, found 0 plugins.
Preloading 0 native plugins for Editor in 0.00 ms.
Invoked RoslynAnalysisRunner static constructor.
RoslynAnalysisRunner will not be running.
RoslynAnalysisRunner has terminated.
Mono: successfully reloaded assembly
- Completed reload, in  0.713 seconds
Platform modules already initialized, skipping
Shader 'Universal Render Pipeline/Particles/Lit': fallback shader 'Universal Render Pipeline/Particles/SimpleLit' not found
Refreshing native plugins compatible for Editor in 0.49 ms, found 0 plugins.
Preloading 0 native plugins for Editor in 0.00 ms.
Unloading 2440 Unused Serialized files (Serialized files now loaded: 0)
System memory in use before: 112.7 MB.
System memory in use after: 112.9 MB.

Unloading 9 unused Assets to reduce memory usage. Loaded Objects now: 3005.
Total: 2.017100 ms (FindLiveObjects: 0.316400 ms CreateObjectMapping: 0.066900 ms MarkObjects: 1.609700 ms  DeleteObjects: 0.022900 ms)

========================================================================
Received Prepare
Registering precompiled user dll's ...
Registered in 0.001966 seconds.
Begin MonoManager ReloadAssembly
Native extension for WindowsStandalone target not found
Refreshing native plugins compatible for Editor in 0.55 ms, found 0 plugins.
Preloading 0 native plugins for Editor in 0.00 ms.
Invoked RoslynAnalysisRunner static constructor.
RoslynAnalysisRunner will not be running.
RoslynAnalysisRunner has terminated.
Mono: successfully reloaded assembly
- Completed reload, in  0.732 seconds
Platform modules already initialized, skipping
Shader 'Universal Render Pipeline/Particles/Lit': fallback shader 'Universal Render Pipeline/Particles/SimpleLit' not found
Refreshing native plugins compatible for Editor in 0.65 ms, found 0 plugins.
Preloading 0 native plugins for Editor in 0.00 ms.
Unloading 2440 Unused Serialized files (Serialized files now loaded: 0)
System memory in use before: 112.8 MB.
System memory in use after: 113.0 MB.

Unloading 9 unused Assets to reduce memory usage. Loaded Objects now: 3007.
Total: 2.488300 ms (FindLiveObjects: 0.320700 ms CreateObjectMapping: 0.062300 ms MarkObjects: 2.080800 ms  DeleteObjects: 0.023100 ms)

========================================================================
Received Import Request.
  Time since last request: 297.264784 seconds.
  path: Assets/_Scripts/Gameplay/Damage/Damage.cs
  artifactKey: Guid(fa9ed981f024b8a4db2624df1e0cae45) Importer(815301076,1909f56bfc062723c751e8b465ee728b)
Start importing Assets/_Scripts/Gameplay/Damage/Damage.cs using Guid(fa9ed981f024b8a4db2624df1e0cae45) Importer(815301076,1909f56bfc062723c751e8b465ee728b)  -> (artifact id: 'c6a14ec70fe1af51d9f3ddfc24e9ca56') in 0.005093 seconds
  Import took 0.009037 seconds .

========================================================================
Received Prepare
Registering precompiled user dll's ...
Registered in 0.001938 seconds.
Begin MonoManager ReloadAssembly
Native extension for WindowsStandalone target not found
Refreshing native plugins compatible for Editor in 0.53 ms, found 0 plugins.
Preloading 0 native plugins for Editor in 0.00 ms.
Invoked RoslynAnalysisRunner static constructor.
RoslynAnalysisRunner will not be running.
RoslynAnalysisRunner has terminated.
Mono: successfully reloaded assembly
- Completed reload, in  0.699 seconds
Platform modules already initialized, skipping
Shader 'Universal Render Pipeline/Particles/Lit': fallback shader 'Universal Render Pipeline/Particles/SimpleLit' not found
Refreshing native plugins compatible for Editor in 0.48 ms, found 0 plugins.
Preloading 0 native plugins for Editor in 0.00 ms.
Unloading 2440 Unused Serialized files (Serialized files now loaded: 0)
System memory in use before: 112.8 MB.
System memory in use after: 113.0 MB.

Unloading 9 unused Assets to reduce memory usage. Loaded Objects now: 3009.
Total: 2.236500 ms (FindLiveObjects: 0.329800 ms CreateObjectMapping: 0.062700 ms MarkObjects: 1.821100 ms  DeleteObjects: 0.021800 ms)

========================================================================
Received Import Request.
  Time since last request: 206.396733 seconds.
  path: Assets/_Scripts/Gameplay/Damage/Damage.cs
  artifactKey: Guid(fa9ed981f024b8a4db2624df1e0cae45) Importer(815301076,1909f56bfc062723c751e8b465ee728b)
Start importing Assets/_Scripts/Gameplay/Damage/Damage.cs using Guid(fa9ed981f024b8a4db2624df1e0cae45) Importer(815301076,1909f56bfc062723c751e8b465ee728b)  -> (artifact id: '26eb354fbf44c897312a3c47e50129d9') in 0.004634 seconds
  Import took 0.008346 seconds .

========================================================================
Received Import Request.
  Time since last request: 29.388098 seconds.
  path: Assets/_Scripts/Cards/CardTypes
  artifactKey: Guid(289b0243c697a8944a9deddc776ce284) Importer(815301076,1909f56bfc062723c751e8b465ee728b)
Start importing Assets/_Scripts/Cards/CardTypes using Guid(289b0243c697a8944a9deddc776ce284) Importer(815301076,1909f56bfc062723c751e8b465ee728b)  -> (artifact id: 'a99777a5a8e4e04cc30e03773a5f71b4') in 0.005182 seconds
  Import took 0.008946 seconds .

========================================================================
Received Import Request.
  Time since last request: 11.834289 seconds.
  path: Assets/_Scripts/Cards/CardTypes/UnitCard.cs
  artifactKey: Guid(07bffd1aee5804b45b9a1bb7f6f14641) Importer(815301076,1909f56bfc062723c751e8b465ee728b)
Start importing Assets/_Scripts/Cards/CardTypes/UnitCard.cs using Guid(07bffd1aee5804b45b9a1bb7f6f14641) Importer(815301076,1909f56bfc062723c751e8b465ee728b)  -> (artifact id: '1b1c855954ed22b1cf24a506d8a80b9b') in 0.005494 seconds
  Import took 0.010234 seconds .

========================================================================
Received Prepare
Registering precompiled user dll's ...
Registered in 0.002047 seconds.
Begin MonoManager ReloadAssembly
Native extension for WindowsStandalone target not found
Refreshing native plugins compatible for Editor in 0.48 ms, found 0 plugins.
Preloading 0 native plugins for Editor in 0.00 ms.
Invoked RoslynAnalysisRunner static constructor.
RoslynAnalysisRunner will not be running.
RoslynAnalysisRunner has terminated.
Mono: successfully reloaded assembly
- Completed reload, in  0.687 seconds
Platform modules already initialized, skipping
Shader 'Universal Render Pipeline/Particles/Lit': fallback shader 'Universal Render Pipeline/Particles/SimpleLit' not found
Refreshing native plugins compatible for Editor in 0.54 ms, found 0 plugins.
Preloading 0 native plugins for Editor in 0.00 ms.
Unloading 2441 Unused Serialized files (Serialized files now loaded: 0)
System memory in use before: 112.8 MB.
System memory in use after: 113.0 MB.

Unloading 9 unused Assets to reduce memory usage. Loaded Objects now: 3012.
Total: 2.379000 ms (FindLiveObjects: 0.317300 ms CreateObjectMapping: 0.076300 ms MarkObjects: 1.953800 ms  DeleteObjects: 0.030300 ms)

========================================================================
Received Import Request.
  Time since last request: 102.556640 seconds.
  path: Assets/_Scripts/Cards/CardTypes/UnitCard.cs
  artifactKey: Guid(07bffd1aee5804b45b9a1bb7f6f14641) Importer(815301076,1909f56bfc062723c751e8b465ee728b)
Start importing Assets/_Scripts/Cards/CardTypes/UnitCard.cs using Guid(07bffd1aee5804b45b9a1bb7f6f14641) Importer(815301076,1909f56bfc062723c751e8b465ee728b)  -> (artifact id: '6606e1b544d3988143c653cab81dd5d3') in 0.004954 seconds
  Import took 0.008995 seconds .

========================================================================
Received Import Request.
  Time since last request: 7.061837 seconds.
  path: Assets/_Scripts/Cards/CardTypes/SpellCard.cs
  artifactKey: Guid(94dd13c0caf2dad43a67c5390b0a842a) Importer(815301076,1909f56bfc062723c751e8b465ee728b)
Start importing Assets/_Scripts/Cards/CardTypes/SpellCard.cs using Guid(94dd13c0caf2dad43a67c5390b0a842a) Importer(815301076,1909f56bfc062723c751e8b465ee728b)  -> (artifact id: 'a5feb8bc13d098e3d6419dfcb7c9426e') in 0.005598 seconds
  Import took 0.009673 seconds .

========================================================================
Received Import Request.
  Time since last request: 93.577372 seconds.
  path: Assets/_Scripts/Cards/CardTypes/SpellCard.cs
  artifactKey: Guid(94dd13c0caf2dad43a67c5390b0a842a) Importer(815301076,1909f56bfc062723c751e8b465ee728b)
Start importing Assets/_Scripts/Cards/CardTypes/SpellCard.cs using Guid(94dd13c0caf2dad43a67c5390b0a842a) Importer(815301076,1909f56bfc062723c751e8b465ee728b)  -> (artifact id: '1cfac9d7a4841e58c3f2dcf2583adc60') in 0.001943 seconds
  Import took 0.005801 seconds .

========================================================================
Received Import Request.
  Time since last request: 0.001821 seconds.
  path: Assets/_Scripts/Cards/CardTypes/SpellCard.cs
  artifactKey: Guid(94dd13c0caf2dad43a67c5390b0a842a) Importer(815301076,1909f56bfc062723c751e8b465ee728b)
Start importing Assets/_Scripts/Cards/CardTypes/SpellCard.cs using Guid(94dd13c0caf2dad43a67c5390b0a842a) Importer(815301076,1909f56bfc062723c751e8b465ee728b)  -> (artifact id: '1cfac9d7a4841e58c3f2dcf2583adc60') in 0.001780 seconds
  Import took 0.005597 seconds .

========================================================================
Received Import Request.
  Time since last request: 13.787140 seconds.
  path: Assets/_Scripts/Deck/CardInstanceType
  artifactKey: Guid(47d5cc77aaae8e34da947322f009a2be) Importer(815301076,1909f56bfc062723c751e8b465ee728b)
Start importing Assets/_Scripts/Deck/CardInstanceType using Guid(47d5cc77aaae8e34da947322f009a2be) Importer(815301076,1909f56bfc062723c751e8b465ee728b)  -> (artifact id: '70167ef383832e6ce33e594b5f3fc9d1') in 0.005759 seconds
  Import took 0.009562 seconds .

========================================================================
Received Import Request.
  Time since last request: 12.510202 seconds.
  path: Assets/_Scripts/Deck/CardInstanceType/UnitCardInstance.cs
  artifactKey: Guid(e7cf1837d9308104ea68101aa22ff969) Importer(815301076,1909f56bfc062723c751e8b465ee728b)
Start importing Assets/_Scripts/Deck/CardInstanceType/UnitCardInstance.cs using Guid(e7cf1837d9308104ea68101aa22ff969) Importer(815301076,1909f56bfc062723c751e8b465ee728b)  -> (artifact id: '9a5220916c97973616b072416f099233') in 0.006357 seconds
  Import took 0.010299 seconds .

========================================================================
Received Import Request.
  Time since last request: 434.372560 seconds.
  path: Assets/_Scripts/Deck/CardInstanceType/UnitCardInstance.cs
  artifactKey: Guid(e7cf1837d9308104ea68101aa22ff969) Importer(815301076,1909f56bfc062723c751e8b465ee728b)
Start importing Assets/_Scripts/Deck/CardInstanceType/UnitCardInstance.cs using Guid(e7cf1837d9308104ea68101aa22ff969) Importer(815301076,1909f56bfc062723c751e8b465ee728b)  -> (artifact id: 'fdbadb57774566618e6dd1ce1db8c974') in 0.001788 seconds
  Import took 0.005986 seconds .

========================================================================
Received Import Request.
  Time since last request: 8.408258 seconds.
  path: Assets/_Scripts/Deck/CardInstanceType/SpellCardInstance.cs
  artifactKey: Guid(9b647d5e99643e44d8b39433fc36d6fc) Importer(815301076,1909f56bfc062723c751e8b465ee728b)
Start importing Assets/_Scripts/Deck/CardInstanceType/SpellCardInstance.cs using Guid(9b647d5e99643e44d8b39433fc36d6fc) Importer(815301076,1909f56bfc062723c751e8b465ee728b)  -> (artifact id: 'f0044ec4eaa91793761217a59df15712') in 0.005677 seconds
  Import took 0.009585 seconds .

========================================================================
Received Prepare
Registering precompiled user dll's ...
Registered in 0.002205 seconds.
Begin MonoManager ReloadAssembly
Native extension for WindowsStandalone target not found
Refreshing native plugins compatible for Editor in 0.54 ms, found 0 plugins.
Preloading 0 native plugins for Editor in 0.00 ms.
Invoked RoslynAnalysisRunner static constructor.
RoslynAnalysisRunner will not be running.
RoslynAnalysisRunner has terminated.
Mono: successfully reloaded assembly
- Completed reload, in  0.725 seconds
Platform modules already initialized, skipping
Shader 'Universal Render Pipeline/Particles/Lit': fallback shader 'Universal Render Pipeline/Particles/SimpleLit' not found
Refreshing native plugins compatible for Editor in 0.51 ms, found 0 plugins.
Preloading 0 native plugins for Editor in 0.00 ms.
Unloading 2444 Unused Serialized files (Serialized files now loaded: 0)
System memory in use before: 112.8 MB.
System memory in use after: 113.0 MB.

Unloading 9 unused Assets to reduce memory usage. Loaded Objects now: 3017.
Total: 2.049800 ms (FindLiveObjects: 0.286900 ms CreateObjectMapping: 0.068600 ms MarkObjects: 1.676800 ms  DeleteObjects: 0.016700 ms)

========================================================================
Received Import Request.
  Time since last request: 695.229327 seconds.
  path: Assets/_Scripts/Deck/CardInstanceType/SpellCardInstance.cs
  artifactKey: Guid(9b647d5e99643e44d8b39433fc36d6fc) Importer(815301076,1909f56bfc062723c751e8b465ee728b)
Start importing Assets/_Scripts/Deck/CardInstanceType/SpellCardInstance.cs using Guid(9b647d5e99643e44d8b39433fc36d6fc) Importer(815301076,1909f56bfc062723c751e8b465ee728b)  -> (artifact id: 'a1856af6ff079a4b364f1b3ae03220c3') in 0.004641 seconds
  Import took 0.008271 seconds .

========================================================================
Received Import Request.
  Time since last request: 56.381861 seconds.
  path: Assets/Resources/Cards/Black/Crow.asset
  artifactKey: Guid(df17b4e83190b644fb4e460769771977) Importer(815301076,1909f56bfc062723c751e8b465ee728b)
Start importing Assets/Resources/Cards/Black/Crow.asset using Guid(df17b4e83190b644fb4e460769771977) Importer(815301076,1909f56bfc062723c751e8b465ee728b)  -> (artifact id: '3391267d85e6d7deb9e19b38d2b89810') in 0.411524 seconds
  Import took 0.417605 seconds .

========================================================================
Received Import Request.
  Time since last request: 12.859844 seconds.
  path: Assets/Resources/Cards/Blue/Mermaid.asset
  artifactKey: Guid(606da591aba12be4fab28b6781f4d87f) Importer(815301076,1909f56bfc062723c751e8b465ee728b)
Start importing Assets/Resources/Cards/Blue/Mermaid.asset using Guid(606da591aba12be4fab28b6781f4d87f) Importer(815301076,1909f56bfc062723c751e8b465ee728b)  -> (artifact id: '0db9133007149f2a2be45037eefb2bd3') in 0.006274 seconds
  Import took 0.010481 seconds .

========================================================================
Received Import Request.
  Time since last request: 0.002769 seconds.
  path: Assets/Resources/Cards/Blue/Mermaid.asset
  artifactKey: Guid(606da591aba12be4fab28b6781f4d87f) Importer(815301076,1909f56bfc062723c751e8b465ee728b)
Start importing Assets/Resources/Cards/Blue/Mermaid.asset using Guid(606da591aba12be4fab28b6781f4d87f) Importer(815301076,1909f56bfc062723c751e8b465ee728b)  -> (artifact id: '0db9133007149f2a2be45037eefb2bd3') in 0.001985 seconds
  Import took 0.005128 seconds .

========================================================================
Received Prepare
Registering precompiled user dll's ...
Registered in 0.001964 seconds.
Begin MonoManager ReloadAssembly
Native extension for WindowsStandalone target not found
Refreshing native plugins compatible for Editor in 0.52 ms, found 0 plugins.
Preloading 0 native plugins for Editor in 0.00 ms.
Invoked RoslynAnalysisRunner static constructor.
RoslynAnalysisRunner will not be running.
RoslynAnalysisRunner has terminated.
Mono: successfully reloaded assembly
- Completed reload, in  0.694 seconds
Platform modules already initialized, skipping
Shader 'Universal Render Pipeline/Particles/Lit': fallback shader 'Universal Render Pipeline/Particles/SimpleLit' not found
Refreshing native plugins compatible for Editor in 0.48 ms, found 0 plugins.
Preloading 0 native plugins for Editor in 0.00 ms.
Unloading 2444 Unused Serialized files (Serialized files now loaded: 0)
System memory in use before: 112.9 MB.
System memory in use after: 113.1 MB.

Unloading 9 unused Assets to reduce memory usage. Loaded Objects now: 3019.
Total: 2.161600 ms (FindLiveObjects: 0.277400 ms CreateObjectMapping: 0.063000 ms MarkObjects: 1.800000 ms  DeleteObjects: 0.020200 ms)

========================================================================
Received Prepare
Registering precompiled user dll's ...
Registered in 0.002023 seconds.
Begin MonoManager ReloadAssembly
Native extension for WindowsStandalone target not found
Refreshing native plugins compatible for Editor in 0.89 ms, found 0 plugins.
Preloading 0 native plugins for Editor in 0.00 ms.
Invoked RoslynAnalysisRunner static constructor.
RoslynAnalysisRunner will not be running.
RoslynAnalysisRunner has terminated.
Mono: successfully reloaded assembly
- Completed reload, in  0.730 seconds
Platform modules already initialized, skipping
Shader 'Universal Render Pipeline/Particles/Lit': fallback shader 'Universal Render Pipeline/Particles/SimpleLit' not found
Refreshing native plugins compatible for Editor in 0.49 ms, found 0 plugins.
Preloading 0 native plugins for Editor in 0.00 ms.
Unloading 2444 Unused Serialized files (Serialized files now loaded: 0)
System memory in use before: 112.9 MB.
System memory in use after: 113.1 MB.

Unloading 9 unused Assets to reduce memory usage. Loaded Objects now: 3021.
Total: 1.902100 ms (FindLiveObjects: 0.248600 ms CreateObjectMapping: 0.064400 ms MarkObjects: 1.573900 ms  DeleteObjects: 0.014400 ms)

========================================================================
Received Import Request.
  Time since last request: 199.990866 seconds.
  path: Assets/Resources/Cards/Blue/Fish.asset
  artifactKey: Guid(4a5d8e55584d2264dbda6a55f2a5ed83) Importer(815301076,1909f56bfc062723c751e8b465ee728b)
Start importing Assets/Resources/Cards/Blue/Fish.asset using Guid(4a5d8e55584d2264dbda6a55f2a5ed83) Importer(815301076,1909f56bfc062723c751e8b465ee728b)  -> (artifact id: '0a34284be89ea6d2ea46d68e933ceafb') in 0.015990 seconds
  Import took 0.020278 seconds .

========================================================================
Received Import Request.
  Time since last request: 147.316557 seconds.
  path: Assets/_Scripts/Gameplay/Card Effect/Effects/ManaRampEffect.cs
  artifactKey: Guid(99766e049118ee047aec58b9e29f9d83) Importer(815301076,1909f56bfc062723c751e8b465ee728b)
Start importing Assets/_Scripts/Gameplay/Card Effect/Effects/ManaRampEffect.cs using Guid(99766e049118ee047aec58b9e29f9d83) Importer(815301076,1909f56bfc062723c751e8b465ee728b)  -> (artifact id: '239037fbbae98a3b82d1ef18907c39ed') in 0.006034 seconds
  Import took 0.009822 seconds .

========================================================================
Received Import Request.
  Time since last request: 19.624005 seconds.
  path: Assets/_Scripts/Gameplay/Card Effect/Effects/ManaRefillEffect.cs
  artifactKey: Guid(328ff94ef069ba2459c02b0c7293eb4f) Importer(815301076,1909f56bfc062723c751e8b465ee728b)
Start importing Assets/_Scripts/Gameplay/Card Effect/Effects/ManaRefillEffect.cs using Guid(328ff94ef069ba2459c02b0c7293eb4f) Importer(815301076,1909f56bfc062723c751e8b465ee728b)  -> (artifact id: 'b116181cccdb586f708351f956df5fdf') in 0.006095 seconds
  Import took 0.010238 seconds .

========================================================================
Received Import Request.
  Time since last request: 0.004091 seconds.
  path: Assets/_Scripts/Gameplay/Card Effect/Effects/ManaRefillEffect.cs
  artifactKey: Guid(328ff94ef069ba2459c02b0c7293eb4f) Importer(815301076,1909f56bfc062723c751e8b465ee728b)
Start importing Assets/_Scripts/Gameplay/Card Effect/Effects/ManaRefillEffect.cs using Guid(328ff94ef069ba2459c02b0c7293eb4f) Importer(815301076,1909f56bfc062723c751e8b465ee728b)  -> (artifact id: 'b116181cccdb586f708351f956df5fdf') in 0.002184 seconds
  Import took 0.006122 seconds .

========================================================================
Received Prepare
Registering precompiled user dll's ...
Registered in 0.001903 seconds.
Begin MonoManager ReloadAssembly
Native extension for WindowsStandalone target not found
Refreshing native plugins compatible for Editor in 0.51 ms, found 0 plugins.
Preloading 0 native plugins for Editor in 0.00 ms.
Invoked RoslynAnalysisRunner static constructor.
RoslynAnalysisRunner will not be running.
RoslynAnalysisRunner has terminated.
Mono: successfully reloaded assembly
- Completed reload, in  0.710 seconds
Platform modules already initialized, skipping
Shader 'Universal Render Pipeline/Particles/Lit': fallback shader 'Universal Render Pipeline/Particles/SimpleLit' not found
Refreshing native plugins compatible for Editor in 0.51 ms, found 0 plugins.
Preloading 0 native plugins for Editor in 0.00 ms.
Unloading 2445 Unused Serialized files (Serialized files now loaded: 0)
System memory in use before: 112.9 MB.
System memory in use after: 113.2 MB.

Unloading 9 unused Assets to reduce memory usage. Loaded Objects now: 3024.
Total: 2.333500 ms (FindLiveObjects: 0.324400 ms CreateObjectMapping: 0.062700 ms MarkObjects: 1.919800 ms  DeleteObjects: 0.025100 ms)

========================================================================
Received Prepare
Registering precompiled user dll's ...
Registered in 0.001946 seconds.
Begin MonoManager ReloadAssembly
Native extension for WindowsStandalone target not found
Refreshing native plugins compatible for Editor in 0.48 ms, found 0 plugins.
Preloading 0 native plugins for Editor in 0.00 ms.
Invoked RoslynAnalysisRunner static constructor.
RoslynAnalysisRunner will not be running.
RoslynAnalysisRunner has terminated.
Mono: successfully reloaded assembly
- Completed reload, in  0.678 seconds
Platform modules already initialized, skipping
Shader 'Universal Render Pipeline/Particles/Lit': fallback shader 'Universal Render Pipeline/Particles/SimpleLit' not found
Refreshing native plugins compatible for Editor in 0.47 ms, found 0 plugins.
Preloading 0 native plugins for Editor in 0.00 ms.
Unloading 2445 Unused Serialized files (Serialized files now loaded: 0)
System memory in use before: 112.9 MB.
System memory in use after: 113.2 MB.

Unloading 9 unused Assets to reduce memory usage. Loaded Objects now: 3026.
Total: 1.913200 ms (FindLiveObjects: 0.238500 ms CreateObjectMapping: 0.063600 ms MarkObjects: 1.594800 ms  DeleteObjects: 0.015500 ms)

========================================================================
Received Import Request.
  Time since last request: 67.199892 seconds.
  path: Assets/_Scripts/Gameplay/Card Effect/Effects/ManaRefillEffect.cs
  artifactKey: Guid(328ff94ef069ba2459c02b0c7293eb4f) Importer(815301076,1909f56bfc062723c751e8b465ee728b)
Start importing Assets/_Scripts/Gameplay/Card Effect/Effects/ManaRefillEffect.cs using Guid(328ff94ef069ba2459c02b0c7293eb4f) Importer(815301076,1909f56bfc062723c751e8b465ee728b)  -> (artifact id: '24d0f5516325600293d7e37963eb0f16') in 0.004683 seconds
  Import took 0.008308 seconds .

========================================================================
Received Prepare
Registering precompiled user dll's ...
Registered in 0.001903 seconds.
Begin MonoManager ReloadAssembly
Native extension for WindowsStandalone target not found
Refreshing native plugins compatible for Editor in 0.49 ms, found 0 plugins.
Preloading 0 native plugins for Editor in 0.00 ms.
Invoked RoslynAnalysisRunner static constructor.
RoslynAnalysisRunner will not be running.
RoslynAnalysisRunner has terminated.
Mono: successfully reloaded assembly
- Completed reload, in  0.691 seconds
Platform modules already initialized, skipping
Shader 'Universal Render Pipeline/Particles/Lit': fallback shader 'Universal Render Pipeline/Particles/SimpleLit' not found
Refreshing native plugins compatible for Editor in 0.48 ms, found 0 plugins.
Preloading 0 native plugins for Editor in 0.00 ms.
Unloading 2445 Unused Serialized files (Serialized files now loaded: 0)
System memory in use before: 112.9 MB.
System memory in use after: 113.1 MB.

Unloading 9 unused Assets to reduce memory usage. Loaded Objects now: 3028.
Total: 1.918100 ms (FindLiveObjects: 0.251300 ms CreateObjectMapping: 0.065400 ms MarkObjects: 1.585100 ms  DeleteObjects: 0.015500 ms)

========================================================================
Received Import Request.
  Time since last request: 58.021684 seconds.
  path: Assets/Gameplay/Card Effects/Enterance Effects/MermaidRamp.asset
  artifactKey: Guid(adaf157e4d9281644900c4a9c7b244bb) Importer(815301076,1909f56bfc062723c751e8b465ee728b)
Start importing Assets/Gameplay/Card Effects/Enterance Effects/MermaidRamp.asset using Guid(adaf157e4d9281644900c4a9c7b244bb) Importer(815301076,1909f56bfc062723c751e8b465ee728b)  -> (artifact id: 'a6f010cac12c62c0aac76488cbad01e6') in 0.013467 seconds
  Import took 0.017631 seconds .

========================================================================
Received Import Request.
  Time since last request: 5.534273 seconds.
  path: Assets/Gameplay/Card Effects/Enterance Effects/FishermanDraw.asset
  artifactKey: Guid(63aff9cb766df3648868940df589fa9b) Importer(815301076,1909f56bfc062723c751e8b465ee728b)
Start importing Assets/Gameplay/Card Effects/Enterance Effects/FishermanDraw.asset using Guid(63aff9cb766df3648868940df589fa9b) Importer(815301076,1909f56bfc062723c751e8b465ee728b)  -> (artifact id: '25aa1dabdd8b33d9546ccc57e631ec3a') in 0.005292 seconds
  Import took 0.009137 seconds .

========================================================================
Received Import Request.
  Time since last request: 0.000227 seconds.
  path: Assets/Gameplay/Card Effects/Enterance Effects/FishermanDraw.asset
  artifactKey: Guid(63aff9cb766df3648868940df589fa9b) Importer(815301076,1909f56bfc062723c751e8b465ee728b)
Start importing Assets/Gameplay/Card Effects/Enterance Effects/FishermanDraw.asset using Guid(63aff9cb766df3648868940df589fa9b) Importer(815301076,1909f56bfc062723c751e8b465ee728b)  -> (artifact id: '25aa1dabdd8b33d9546ccc57e631ec3a') in 0.009704 seconds
  Import took 0.012785 seconds .

========================================================================
Received Import Request.
  Time since last request: 11.588437 seconds.
  path: Assets/Gameplay/Card Effects/Enterance Effects/New ManaRefill Effect.asset
  artifactKey: Guid(6872f7aabb7838041b05113f582ba783) Importer(815301076,1909f56bfc062723c751e8b465ee728b)
Start importing Assets/Gameplay/Card Effects/Enterance Effects/New ManaRefill Effect.asset using Guid(6872f7aabb7838041b05113f582ba783) Importer(815301076,1909f56bfc062723c751e8b465ee728b)  -> (artifact id: '0ce80c370640501c9ae27d53f41b3a4b') in 0.005392 seconds
  Import took 0.009143 seconds .

========================================================================
Received Import Request.
  Time since last request: 6.830548 seconds.
  path: Assets/Gameplay/Card Effects/Enterance Effects/FishManaRefill.asset
  artifactKey: Guid(6872f7aabb7838041b05113f582ba783) Importer(815301076,1909f56bfc062723c751e8b465ee728b)
Start importing Assets/Gameplay/Card Effects/Enterance Effects/FishManaRefill.asset using Guid(6872f7aabb7838041b05113f582ba783) Importer(815301076,1909f56bfc062723c751e8b465ee728b)  -> (artifact id: 'dedddf85a3c750b17b456d5e1493e73e') in 0.005713 seconds
  Import took 0.009558 seconds .

========================================================================
Received Import Request.
  Time since last request: 64.013003 seconds.
  path: Assets/Resources/Cards/Blue/Fish.asset
  artifactKey: Guid(4a5d8e55584d2264dbda6a55f2a5ed83) Importer(815301076,1909f56bfc062723c751e8b465ee728b)
Start importing Assets/Resources/Cards/Blue/Fish.asset using Guid(4a5d8e55584d2264dbda6a55f2a5ed83) Importer(815301076,1909f56bfc062723c751e8b465ee728b)  -> (artifact id: '8a3c6b181b93be9beb329427cb00d06c') in 0.003439 seconds
  Import took 0.007350 seconds .

========================================================================
Received Import Request.
  Time since last request: 0.000171 seconds.
  path: Assets/Resources/Cards/Blue/Mermaid.asset
  artifactKey: Guid(606da591aba12be4fab28b6781f4d87f) Importer(815301076,1909f56bfc062723c751e8b465ee728b)
Start importing Assets/Resources/Cards/Blue/Mermaid.asset using Guid(606da591aba12be4fab28b6781f4d87f) Importer(815301076,1909f56bfc062723c751e8b465ee728b)  -> (artifact id: 'ee649f2cd127107fa3e772fd671c92f4') in 0.001935 seconds
  Import took 0.005164 seconds .

========================================================================
Received Import Request.
  Time since last request: 13.788177 seconds.
  path: Assets/Resources/Cards/Blue/NewBehaviourScript.cs
  artifactKey: Guid(b4bbcf72ee808424b9d3311066e2c1e9) Importer(815301076,1909f56bfc062723c751e8b465ee728b)
Start importing Assets/Resources/Cards/Blue/NewBehaviourScript.cs using Guid(b4bbcf72ee808424b9d3311066e2c1e9) Importer(815301076,1909f56bfc062723c751e8b465ee728b)  -> (artifact id: 'da38015d5f5b82afa77fe7c7fe2f9d0a') in 0.005252 seconds
  Import took 0.009069 seconds .

========================================================================
Received Import Request.
  Time since last request: 0.000694 seconds.
  path: Assets/Resources/Cards/Blue/NewBehaviourScript.cs
  artifactKey: Guid(b4bbcf72ee808424b9d3311066e2c1e9) Importer(815301076,1909f56bfc062723c751e8b465ee728b)
Start importing Assets/Resources/Cards/Blue/NewBehaviourScript.cs using Guid(b4bbcf72ee808424b9d3311066e2c1e9) Importer(815301076,1909f56bfc062723c751e8b465ee728b)  -> (artifact id: 'da38015d5f5b82afa77fe7c7fe2f9d0a') in 0.001921 seconds
  Import took 0.004893 seconds .

========================================================================
Received Prepare
Registering precompiled user dll's ...
Registered in 0.001890 seconds.
Begin MonoManager ReloadAssembly
Native extension for WindowsStandalone target not found
Refreshing native plugins compatible for Editor in 0.49 ms, found 0 plugins.
Preloading 0 native plugins for Editor in 0.00 ms.
Invoked RoslynAnalysisRunner static constructor.
RoslynAnalysisRunner will not be running.
RoslynAnalysisRunner has terminated.
Mono: successfully reloaded assembly
- Completed reload, in  0.675 seconds
Platform modules already initialized, skipping
Shader 'Universal Render Pipeline/Particles/Lit': fallback shader 'Universal Render Pipeline/Particles/SimpleLit' not found
Refreshing native plugins compatible for Editor in 0.47 ms, found 0 plugins.
Preloading 0 native plugins for Editor in 0.00 ms.
Unloading 2445 Unused Serialized files (Serialized files now loaded: 0)
System memory in use before: 113.0 MB.
System memory in use after: 113.2 MB.

Unloading 10 unused Assets to reduce memory usage. Loaded Objects now: 3030.
Total: 1.938200 ms (FindLiveObjects: 0.254900 ms CreateObjectMapping: 0.061200 ms MarkObjects: 1.584400 ms  DeleteObjects: 0.036800 ms)

========================================================================
Received Import Request.
  Time since last request: 56.094467 seconds.
  path: Assets/Resources/Cards/Blue/Fisherman.asset
  artifactKey: Guid(86675df5381bccb4085263a2a83be2db) Importer(815301076,1909f56bfc062723c751e8b465ee728b)
Start importing Assets/Resources/Cards/Blue/Fisherman.asset using Guid(86675df5381bccb4085263a2a83be2db) Importer(815301076,1909f56bfc062723c751e8b465ee728b)  -> (artifact id: 'e698751e0d127601f6b0d8e4d6166213') in 0.013730 seconds
  Import took 0.017781 seconds .

========================================================================
Received Import Request.
  Time since last request: 109.296170 seconds.
  path: Assets/Gameplay/Card Effects/Enterance Effects/FishermanDraw.asset
  artifactKey: Guid(63aff9cb766df3648868940df589fa9b) Importer(815301076,1909f56bfc062723c751e8b465ee728b)
Start importing Assets/Gameplay/Card Effects/Enterance Effects/FishermanDraw.asset using Guid(63aff9cb766df3648868940df589fa9b) Importer(815301076,1909f56bfc062723c751e8b465ee728b)  -> (artifact id: '803defd44fca8008961fd5631fced078') in 0.003143 seconds
  Import took 0.006830 seconds .

========================================================================
Received Import Request.
  Time since last request: 0.000211 seconds.
  path: Assets/Gameplay/Card Effects/Enterance Effects/MermaidRamp.asset
  artifactKey: Guid(adaf157e4d9281644900c4a9c7b244bb) Importer(815301076,1909f56bfc062723c751e8b465ee728b)
Start importing Assets/Gameplay/Card Effects/Enterance Effects/MermaidRamp.asset using Guid(adaf157e4d9281644900c4a9c7b244bb) Importer(815301076,1909f56bfc062723c751e8b465ee728b)  -> (artifact id: '30c6731fd188cb4110d719cb6cda41f0') in 0.006805 seconds
  Import took 0.010208 seconds .

========================================================================
Received Import Request.
  Time since last request: 0.000182 seconds.
  path: Assets/Gameplay/Card Effects/Enterance Effects/FishManaRefill.asset
  artifactKey: Guid(6872f7aabb7838041b05113f582ba783) Importer(815301076,1909f56bfc062723c751e8b465ee728b)
Start importing Assets/Gameplay/Card Effects/Enterance Effects/FishManaRefill.asset using Guid(6872f7aabb7838041b05113f582ba783) Importer(815301076,1909f56bfc062723c751e8b465ee728b)  -> (artifact id: '98665d330b1877710cb25bb07ae1bf3b') in 0.006022 seconds
  Import took 0.009823 seconds .

========================================================================
Received Import Request.
  Time since last request: 0.000149 seconds.
  path: Assets/Gameplay/Card Effects/Enterance Effects/FishermanDraw.asset
  artifactKey: Guid(63aff9cb766df3648868940df589fa9b) Importer(815301076,1909f56bfc062723c751e8b465ee728b)
Start importing Assets/Gameplay/Card Effects/Enterance Effects/FishermanDraw.asset using Guid(63aff9cb766df3648868940df589fa9b) Importer(815301076,1909f56bfc062723c751e8b465ee728b)  -> (artifact id: '803defd44fca8008961fd5631fced078') in 0.001851 seconds
  Import took 0.004791 seconds .

========================================================================
Received Import Request.
  Time since last request: 4.120161 seconds.
  path: Assets/Gameplay/Card Effects/Enterance Effects/FishermanDraw.asset
  artifactKey: Guid(63aff9cb766df3648868940df589fa9b) Importer(815301076,1909f56bfc062723c751e8b465ee728b)
Start importing Assets/Gameplay/Card Effects/Enterance Effects/FishermanDraw.asset using Guid(63aff9cb766df3648868940df589fa9b) Importer(815301076,1909f56bfc062723c751e8b465ee728b)  -> (artifact id: 'd5396e35795a8c7bd4e874a71dc8ede8') in 0.002040 seconds
  Import took 0.005757 seconds .

========================================================================
Received Import Request.
  Time since last request: 5.374317 seconds.
  path: Assets/Resources/Cards/Blue/Fish.asset
  artifactKey: Guid(4a5d8e55584d2264dbda6a55f2a5ed83) Importer(815301076,1909f56bfc062723c751e8b465ee728b)
Start importing Assets/Resources/Cards/Blue/Fish.asset using Guid(4a5d8e55584d2264dbda6a55f2a5ed83) Importer(815301076,1909f56bfc062723c751e8b465ee728b)  -> (artifact id: 'c89c17100b86452e13c8a5f1a9fb210e') in 0.002423 seconds
  Import took 0.006079 seconds .

========================================================================
Received Import Request.
  Time since last request: 0.000210 seconds.
  path: Assets/Resources/Cards/Blue/Fisherman.asset
  artifactKey: Guid(86675df5381bccb4085263a2a83be2db) Importer(815301076,1909f56bfc062723c751e8b465ee728b)
Start importing Assets/Resources/Cards/Blue/Fisherman.asset using Guid(86675df5381bccb4085263a2a83be2db) Importer(815301076,1909f56bfc062723c751e8b465ee728b)  -> (artifact id: 'fc8ba0cf076317accfe7bce0389470cb') in 0.002122 seconds
  Import took 0.005518 seconds .

========================================================================
Received Import Request.
  Time since last request: 16.881405 seconds.
  path: Assets/Resources/Cards/Blue/BigFish.asset
  artifactKey: Guid(222bbe14cecf8e94c93bc8d1bf7c7d36) Importer(815301076,1909f56bfc062723c751e8b465ee728b)
Start importing Assets/Resources/Cards/Blue/BigFish.asset using Guid(222bbe14cecf8e94c93bc8d1bf7c7d36) Importer(815301076,1909f56bfc062723c751e8b465ee728b)  -> (artifact id: '9a81576073dd5405a28d21b84384f8f9') in 0.005469 seconds
  Import took 0.009462 seconds .

========================================================================
Received Import Request.
  Time since last request: 0.001759 seconds.
  path: Assets/Resources/Cards/Blue/BigFish.asset
  artifactKey: Guid(222bbe14cecf8e94c93bc8d1bf7c7d36) Importer(815301076,1909f56bfc062723c751e8b465ee728b)
Start importing Assets/Resources/Cards/Blue/BigFish.asset using Guid(222bbe14cecf8e94c93bc8d1bf7c7d36) Importer(815301076,1909f56bfc062723c751e8b465ee728b)  -> (artifact id: '9a81576073dd5405a28d21b84384f8f9') in 0.002343 seconds
  Import took 0.005946 seconds .

========================================================================
Received Import Request.
  Time since last request: 265.239857 seconds.
  path: Assets/Resources/Cards/Blue/New Spell.asset
  artifactKey: Guid(55ab36a006023444f9c758b581c982bf) Importer(815301076,1909f56bfc062723c751e8b465ee728b)
Start importing Assets/Resources/Cards/Blue/New Spell.asset using Guid(55ab36a006023444f9c758b581c982bf) Importer(815301076,1909f56bfc062723c751e8b465ee728b)  -> (artifact id: 'd492f952a7e05a7e404ccc2fd0cbba7c') in 0.006526 seconds
  Import took 0.010627 seconds .

========================================================================
Received Import Request.
  Time since last request: 0.001321 seconds.
  path: Assets/Resources/Cards/Blue/New Spell.asset
  artifactKey: Guid(55ab36a006023444f9c758b581c982bf) Importer(815301076,1909f56bfc062723c751e8b465ee728b)
Start importing Assets/Resources/Cards/Blue/New Spell.asset using Guid(55ab36a006023444f9c758b581c982bf) Importer(815301076,1909f56bfc062723c751e8b465ee728b)  -> (artifact id: 'd492f952a7e05a7e404ccc2fd0cbba7c') in 0.001970 seconds
  Import took 0.005526 seconds .

========================================================================
Received Import Request.
  Time since last request: 9.292645 seconds.
  path: Assets/Resources/Cards/Blue/Fishing.asset
  artifactKey: Guid(55ab36a006023444f9c758b581c982bf) Importer(815301076,1909f56bfc062723c751e8b465ee728b)
Start importing Assets/Resources/Cards/Blue/Fishing.asset using Guid(55ab36a006023444f9c758b581c982bf) Importer(815301076,1909f56bfc062723c751e8b465ee728b)  -> (artifact id: '72dde2ad89be8b5f7d94e15b6a6864c4') in 0.005697 seconds
  Import took 0.009457 seconds .

========================================================================
Received Import Request.
  Time since last request: 83.310827 seconds.
  path: Assets/Resources/Cards/Blue/New Unit.asset
  artifactKey: Guid(90579f805d7549d40a0841c07905500a) Importer(815301076,1909f56bfc062723c751e8b465ee728b)
Start importing Assets/Resources/Cards/Blue/New Unit.asset using Guid(90579f805d7549d40a0841c07905500a) Importer(815301076,1909f56bfc062723c751e8b465ee728b)  -> (artifact id: 'df230b0f86e9b9270c24b4ff68de90f0') in 0.005449 seconds
  Import took 0.009312 seconds .

========================================================================
Received Import Request.
  Time since last request: 0.001719 seconds.
  path: Assets/Resources/Cards/Blue/New Unit.asset
  artifactKey: Guid(90579f805d7549d40a0841c07905500a) Importer(815301076,1909f56bfc062723c751e8b465ee728b)
Start importing Assets/Resources/Cards/Blue/New Unit.asset using Guid(90579f805d7549d40a0841c07905500a) Importer(815301076,1909f56bfc062723c751e8b465ee728b)  -> (artifact id: 'df230b0f86e9b9270c24b4ff68de90f0') in 0.002013 seconds
  Import took 0.005278 seconds .

========================================================================
Received Import Request.
  Time since last request: 22.803227 seconds.
  path: Assets/NetworkPrefabs/Player.prefab
  artifactKey: Guid(5f652afde25ca87439b368ab60953e4e) Importer(815301076,1909f56bfc062723c751e8b465ee728b)
Start importing Assets/NetworkPrefabs/Player.prefab using Guid(5f652afde25ca87439b368ab60953e4e) Importer(815301076,1909f56bfc062723c751e8b465ee728b)  -> (artifact id: 'dfac788bf68ed217328bd7999bd8b9b1') in 0.096513 seconds
  Import took 0.101655 seconds .

========================================================================
Received Import Request.
  Time since last request: 2.194432 seconds.
  path: Assets/NetworkPrefabs/Player.prefab
  artifactKey: Guid(5f652afde25ca87439b368ab60953e4e) Importer(815301076,1909f56bfc062723c751e8b465ee728b)
Start importing Assets/NetworkPrefabs/Player.prefab using Guid(5f652afde25ca87439b368ab60953e4e) Importer(815301076,1909f56bfc062723c751e8b465ee728b)  -> (artifact id: '9beff59d9eeae375eb9123c00936b65a') in 0.030247 seconds
  Import took 0.035312 seconds .

========================================================================
Received Import Request.
  Time since last request: 5.484754 seconds.
  path: Assets/NetworkPrefabs/Player.prefab
  artifactKey: Guid(5f652afde25ca87439b368ab60953e4e) Importer(815301076,1909f56bfc062723c751e8b465ee728b)
Start importing Assets/NetworkPrefabs/Player.prefab using Guid(5f652afde25ca87439b368ab60953e4e) Importer(815301076,1909f56bfc062723c751e8b465ee728b)  -> (artifact id: '3a3a72b2d08e03b0e302e1d6f339d2c1') in 0.030637 seconds
  Import took 0.035525 seconds .

========================================================================
Received Import Request.
  Time since last request: 2.696619 seconds.
  path: Assets/NetworkPrefabs/Player.prefab
  artifactKey: Guid(5f652afde25ca87439b368ab60953e4e) Importer(815301076,1909f56bfc062723c751e8b465ee728b)
Start importing Assets/NetworkPrefabs/Player.prefab using Guid(5f652afde25ca87439b368ab60953e4e) Importer(815301076,1909f56bfc062723c751e8b465ee728b)  -> (artifact id: '0f1533446e27d42eab5d857fc30325d8') in 0.028252 seconds
  Import took 0.032933 seconds .

========================================================================
Received Import Request.
  Time since last request: 2.461212 seconds.
  path: Assets/NetworkPrefabs/Player.prefab
  artifactKey: Guid(5f652afde25ca87439b368ab60953e4e) Importer(815301076,1909f56bfc062723c751e8b465ee728b)
Start importing Assets/NetworkPrefabs/Player.prefab using Guid(5f652afde25ca87439b368ab60953e4e) Importer(815301076,1909f56bfc062723c751e8b465ee728b)  -> (artifact id: 'a2eb481182724cfbd72047b56f008785') in 0.030182 seconds
  Import took 0.035123 seconds .

========================================================================
Received Import Request.
  Time since last request: 2.690036 seconds.
  path: Assets/NetworkPrefabs/Player.prefab
  artifactKey: Guid(5f652afde25ca87439b368ab60953e4e) Importer(815301076,1909f56bfc062723c751e8b465ee728b)
Start importing Assets/NetworkPrefabs/Player.prefab using Guid(5f652afde25ca87439b368ab60953e4e) Importer(815301076,1909f56bfc062723c751e8b465ee728b)  -> (artifact id: '7bb07ee2cecf2b9b0431d72f131b1db4') in 0.028973 seconds
  Import took 0.034019 seconds .

========================================================================
Received Import Request.
  Time since last request: 1.508747 seconds.
  path: Assets/NetworkPrefabs/Player.prefab
  artifactKey: Guid(5f652afde25ca87439b368ab60953e4e) Importer(815301076,1909f56bfc062723c751e8b465ee728b)
Start importing Assets/NetworkPrefabs/Player.prefab using Guid(5f652afde25ca87439b368ab60953e4e) Importer(815301076,1909f56bfc062723c751e8b465ee728b)  -> (artifact id: '6cc137b9164fdc7aa4c458852d71b15b') in 0.031149 seconds
  Import took 0.036028 seconds .

========================================================================
Received Prepare
Shader 'Universal Render Pipeline/Particles/Lit': fallback shader 'Universal Render Pipeline/Particles/SimpleLit' not found
Refreshing native plugins compatible for Editor in 1.46 ms, found 0 plugins.
Preloading 0 native plugins for Editor in 0.00 ms.
Unloading 8 Unused Serialized files (Serialized files now loaded: 0)
System memory in use before: 66.7 MB.
System memory in use after: 66.9 MB.

Unloading 11 unused Assets to reduce memory usage. Loaded Objects now: 3030.
Total: 2.351500 ms (FindLiveObjects: 0.267500 ms CreateObjectMapping: 0.062700 ms MarkObjects: 1.968100 ms  DeleteObjects: 0.052500 ms)

========================================================================
Received Prepare
Registering precompiled user dll's ...
Registered in 0.002700 seconds.
Begin MonoManager ReloadAssembly
Native extension for WindowsStandalone target not found
Refreshing native plugins compatible for Editor in 0.54 ms, found 0 plugins.
Preloading 0 native plugins for Editor in 0.00 ms.
Invoked RoslynAnalysisRunner static constructor.
RoslynAnalysisRunner will not be running.
RoslynAnalysisRunner has terminated.
Mono: successfully reloaded assembly
- Completed reload, in  0.757 seconds
Platform modules already initialized, skipping
Shader 'Universal Render Pipeline/Particles/Lit': fallback shader 'Universal Render Pipeline/Particles/SimpleLit' not found
Refreshing native plugins compatible for Editor in 0.49 ms, found 0 plugins.
Preloading 0 native plugins for Editor in 0.00 ms.
Unloading 2445 Unused Serialized files (Serialized files now loaded: 0)
System memory in use before: 113.1 MB.
System memory in use after: 113.3 MB.

Unloading 9 unused Assets to reduce memory usage. Loaded Objects now: 3032.
Total: 2.258900 ms (FindLiveObjects: 0.310000 ms CreateObjectMapping: 0.062000 ms MarkObjects: 1.867100 ms  DeleteObjects: 0.018900 ms)

========================================================================
Received Prepare
Registering precompiled user dll's ...
Registered in 0.002057 seconds.
Begin MonoManager ReloadAssembly
Native extension for WindowsStandalone target not found
Refreshing native plugins compatible for Editor in 0.50 ms, found 0 plugins.
Preloading 0 native plugins for Editor in 0.00 ms.
Invoked RoslynAnalysisRunner static constructor.
RoslynAnalysisRunner will not be running.
RoslynAnalysisRunner has terminated.
Mono: successfully reloaded assembly
- Completed reload, in  0.686 seconds
Platform modules already initialized, skipping
Shader 'Universal Render Pipeline/Particles/Lit': fallback shader 'Universal Render Pipeline/Particles/SimpleLit' not found
Refreshing native plugins compatible for Editor in 0.52 ms, found 0 plugins.
Preloading 0 native plugins for Editor in 0.00 ms.
Unloading 2445 Unused Serialized files (Serialized files now loaded: 0)
System memory in use before: 113.1 MB.
System memory in use after: 113.3 MB.

Unloading 9 unused Assets to reduce memory usage. Loaded Objects now: 3034.
Total: 2.126800 ms (FindLiveObjects: 0.327400 ms CreateObjectMapping: 0.063200 ms MarkObjects: 1.716100 ms  DeleteObjects: 0.018300 ms)

========================================================================
Received Prepare
Shader 'Universal Render Pipeline/Particles/Lit': fallback shader 'Universal Render Pipeline/Particles/SimpleLit' not found
Refreshing native plugins compatible for Editor in 1.42 ms, found 0 plugins.
Preloading 0 native plugins for Editor in 0.00 ms.
Unloading 8 Unused Serialized files (Serialized files now loaded: 0)
System memory in use before: 65.0 MB.
System memory in use after: 65.2 MB.

Unloading 7 unused Assets to reduce memory usage. Loaded Objects now: 3034.
Total: 2.191200 ms (FindLiveObjects: 0.301300 ms CreateObjectMapping: 0.062100 ms MarkObjects: 1.813700 ms  DeleteObjects: 0.012900 ms)

========================================================================
Received Prepare
Registering precompiled user dll's ...
Registered in 0.002919 seconds.
Begin MonoManager ReloadAssembly
Native extension for WindowsStandalone target not found
Refreshing native plugins compatible for Editor in 0.57 ms, found 0 plugins.
Preloading 0 native plugins for Editor in 0.00 ms.
Invoked RoslynAnalysisRunner static constructor.
RoslynAnalysisRunner will not be running.
RoslynAnalysisRunner has terminated.
Mono: successfully reloaded assembly
- Completed reload, in  0.795 seconds
Platform modules already initialized, skipping
Shader 'Universal Render Pipeline/Particles/Lit': fallback shader 'Universal Render Pipeline/Particles/SimpleLit' not found
Refreshing native plugins compatible for Editor in 0.66 ms, found 0 plugins.
Preloading 0 native plugins for Editor in 0.00 ms.
Unloading 2445 Unused Serialized files (Serialized files now loaded: 0)
System memory in use before: 113.1 MB.
System memory in use after: 113.3 MB.

Unloading 9 unused Assets to reduce memory usage. Loaded Objects now: 3036.
Total: 2.026500 ms (FindLiveObjects: 0.334400 ms CreateObjectMapping: 0.063900 ms MarkObjects: 1.609800 ms  DeleteObjects: 0.017300 ms)

========================================================================
Received Import Request.
  Time since last request: 169.222192 seconds.
  path: Assets/Resources/Cards/Blue/BigFish.asset
  artifactKey: Guid(222bbe14cecf8e94c93bc8d1bf7c7d36) Importer(815301076,1909f56bfc062723c751e8b465ee728b)
Start importing Assets/Resources/Cards/Blue/BigFish.asset using Guid(222bbe14cecf8e94c93bc8d1bf7c7d36) Importer(815301076,1909f56bfc062723c751e8b465ee728b)  -> (artifact id: 'ea5da38d1aeb42e68612383ed73f8f85') in 0.011863 seconds
  Import took 0.016894 seconds .

========================================================================
Received Prepare
Registering precompiled user dll's ...
Registered in 0.001909 seconds.
Begin MonoManager ReloadAssembly
Native extension for WindowsStandalone target not found
Refreshing native plugins compatible for Editor in 0.49 ms, found 0 plugins.
Preloading 0 native plugins for Editor in 0.00 ms.
Invoked RoslynAnalysisRunner static constructor.
RoslynAnalysisRunner will not be running.
RoslynAnalysisRunner has terminated.
Mono: successfully reloaded assembly
- Completed reload, in  0.682 seconds
Platform modules already initialized, skipping
Shader 'Universal Render Pipeline/Particles/Lit': fallback shader 'Universal Render Pipeline/Particles/SimpleLit' not found
Refreshing native plugins compatible for Editor in 0.48 ms, found 0 plugins.
Preloading 0 native plugins for Editor in 0.00 ms.
Unloading 2445 Unused Serialized files (Serialized files now loaded: 0)
System memory in use before: 113.0 MB.
System memory in use after: 113.2 MB.

Unloading 10 unused Assets to reduce memory usage. Loaded Objects now: 3038.
Total: 2.198500 ms (FindLiveObjects: 0.281400 ms CreateObjectMapping: 0.061100 ms MarkObjects: 1.826300 ms  DeleteObjects: 0.028300 ms)

========================================================================
Received Prepare
Shader 'Universal Render Pipeline/Particles/Lit': fallback shader 'Universal Render Pipeline/Particles/SimpleLit' not found
Refreshing native plugins compatible for Editor in 1.41 ms, found 0 plugins.
Preloading 0 native plugins for Editor in 0.00 ms.
Unloading 8 Unused Serialized files (Serialized files now loaded: 0)
System memory in use before: 64.9 MB.
System memory in use after: 65.1 MB.

Unloading 7 unused Assets to reduce memory usage. Loaded Objects now: 3038.
Total: 1.945700 ms (FindLiveObjects: 0.289900 ms CreateObjectMapping: 0.064500 ms MarkObjects: 1.578300 ms  DeleteObjects: 0.012100 ms)

========================================================================
Received Prepare
Registering precompiled user dll's ...
Registered in 0.002264 seconds.
Begin MonoManager ReloadAssembly
Native extension for WindowsStandalone target not found
Refreshing native plugins compatible for Editor in 0.55 ms, found 0 plugins.
Preloading 0 native plugins for Editor in 0.00 ms.
Invoked RoslynAnalysisRunner static constructor.
RoslynAnalysisRunner will not be running.
RoslynAnalysisRunner has terminated.
Mono: successfully reloaded assembly
- Completed reload, in  0.789 seconds
Platform modules already initialized, skipping
Shader 'Universal Render Pipeline/Particles/Lit': fallback shader 'Universal Render Pipeline/Particles/SimpleLit' not found
Refreshing native plugins compatible for Editor in 0.57 ms, found 0 plugins.
Preloading 0 native plugins for Editor in 0.00 ms.
Unloading 2445 Unused Serialized files (Serialized files now loaded: 0)
System memory in use before: 113.1 MB.
System memory in use after: 113.3 MB.

Unloading 9 unused Assets to reduce memory usage. Loaded Objects now: 3040.
Total: 2.743600 ms (FindLiveObjects: 0.547600 ms CreateObjectMapping: 0.081900 ms MarkObjects: 2.092300 ms  DeleteObjects: 0.020400 ms)

AssetImportWorkerClient::OnTransportError - code=2 error=End of file
